<?xml version="1.0" encoding="UTF-8"?>
<!-- Generated by org.testng.reporters.JUnitReportReporter -->
<testsuite skipped="0" hostname="PC-20200307LRYD" name="lhz.Demo3" tests="1" failures="0" timestamp="2020-04-16T19:32:00 CST" time="0.000" errors="0">
  <testcase name="test3" time="0.000" classname="lhz.Demo3"/>
  <system-out/>
</testsuite> <!-- lhz.Demo3 -->
