<?xml version="1.0" encoding="UTF-8"?>
<!-- Generated by org.testng.reporters.JUnitReportReporter -->
<testsuite skipped="0" hostname="PC-20200307LRYD" name="edu.Person" tests="3" failures="0" timestamp="2020-04-01T20:23:56 CST" time="0.019" errors="0">
  <testcase name="student" time="0.008" classname="edu.Person"/>
  <system-out/>
  <testcase name="teacher" time="0.007" classname="edu.Person"/>
  <system-out/>
  <testcase name="child" time="0.004" classname="edu.Person"/>
  <system-out/>
</testsuite> <!-- edu.Person -->
