<?xml version="1.0" encoding="UTF-8"?>
<!-- Generated by org.testng.reporters.JUnitReportReporter -->
<testsuite skipped="0" hostname="PC-20200307LRYD" name="ch09dataprovider.ArrayDataProvideDemoTest" tests="8" failures="0" timestamp="2020-06-10T19:52:37 CST" time="0.008" errors="0">
  <testcase name="text" time="0.001" classname="ch09dataprovider.ArrayDataProvideDemoTest"/>
  <system-out/>
  <testcase name="textFromTxt" time="0.001" classname="ch09dataprovider.ArrayDataProvideDemoTest"/>
  <system-out/>
  <testcase name="text" time="0.004" classname="ch09dataprovider.ArrayDataProvideDemoTest"/>
  <system-out/>
  <testcase name="textFromTxt" time="0.001" classname="ch09dataprovider.ArrayDataProvideDemoTest"/>
  <system-out/>
  <testcase name="textFromTxt" time="0.001" classname="ch09dataprovider.ArrayDataProvideDemoTest"/>
  <system-out/>
  <testcase name="textFromTxt" time="0.000" classname="ch09dataprovider.ArrayDataProvideDemoTest"/>
  <system-out/>
  <testcase name="textFromTxt" time="0.000" classname="ch09dataprovider.ArrayDataProvideDemoTest"/>
  <system-out/>
  <testcase name="textFromTxt" time="0.000" classname="ch09dataprovider.ArrayDataProvideDemoTest"/>
  <system-out/>
</testsuite> <!-- ch09dataprovider.ArrayDataProvideDemoTest -->
