<?xml version="1.0" encoding="UTF-8"?>
<!-- Generated by org.testng.reporters.JUnitReportReporter -->
<testsuite skipped="0" hostname="PC-20200307LRYD" name="ch08po.AdminLoginPageTest3" tests="1" failures="0" timestamp="2020-04-14T14:37:07 CST" time="1.069" errors="0">
  <testcase name="testSuccess" time="1.069" classname="ch08po.AdminLoginPageTest3"/>
  <system-out/>
</testsuite> <!-- ch08po.AdminLoginPageTest3 -->
