<?xml version="1.0" encoding="UTF-8"?>
<!-- Generated by org.testng.reporters.JUnitReportReporter -->
<testsuite skipped="0" hostname="PC-20200307LRYD" name="Seleum.AdminTest" tests="1" failures="0" timestamp="2020-04-02T00:59:23 CST" time="6.248" errors="0">
  <testcase name="loginSuccess" time="6.248" classname="Seleum.AdminTest"/>
  <system-out/>
</testsuite> <!-- Seleum.AdminTest -->
