<?xml version="1.0" encoding="UTF-8"?>
<!-- Generated by org.testng.reporters.JUnitReportReporter -->
<testsuite skipped="0" hostname="PC-20200307LRYD" name="edu.Demo1" tests="3" failures="0" timestamp="2020-05-05T17:17:12 CST" time="0.019" errors="0">
  <testcase name="testa" time="0.011" classname="edu.Demo1"/>
  <system-out>
这是一个浏览器  </system-out>
  <testcase name="second" time="0.004" classname="edu.Demo1"/>
  <system-out/>
  <testcase name="first" time="0.004" classname="edu.Demo1"/>
  <system-out/>
</testsuite> <!-- edu.Demo1 -->
