<?xml version="1.0" encoding="UTF-8"?>
<!-- Generated by org.testng.reporters.JUnitReportReporter -->
<testsuite skipped="70" hostname="iZ7qf0r5gttbq7Z" name="com.test.demo.SmokeTesting" tests="71" failures="0" timestamp="2020-12-07T11:04:42 CST" time="22.338" errors="1">
  <testcase name="doBeforeClass" time="22.338" classname="com.test.demo.SmokeTesting">
    <error type="org.openqa.selenium.WebDriverException" message="Socket timeout reading Marionette handshake data: 远程主机强迫关闭了一个现有的连接。 (os error 10054)
Build info: version: &#039;3.141.59&#039;, revision: &#039;e82be7d358&#039;, time: &#039;2018-11-14T08:25:53&#039;
System info: host: &#039;iZ7qf0r5gttbq7Z&#039;, ip: &#039;172.17.63.68&#039;, os.name: &#039;Windows Server 2016&#039;, os.arch: &#039;amd64&#039;, os.version: &#039;10.0&#039;, java.version: &#039;1.8.0_212&#039;
Driver info: driver.version: FirefoxDriver
remote stacktrace: ">
      <![CDATA[org.openqa.selenium.WebDriverException: Socket timeout reading Marionette handshake data: 远程主机强迫关闭了一个现有的连接。 (os error 10054)
Build info: version: '3.141.59', revision: 'e82be7d358', time: '2018-11-14T08:25:53'
System info: host: 'iZ7qf0r5gttbq7Z', ip: '172.17.63.68', os.name: 'Windows Server 2016', os.arch: 'amd64', os.version: '10.0', java.version: '1.8.0_212'
Driver info: driver.version: FirefoxDriver
remote stacktrace: 
at sun.reflect.NativeConstructorAccessorImpl.newInstance0(Native Method)
at sun.reflect.NativeConstructorAccessorImpl.newInstance(NativeConstructorAccessorImpl.java:62)
at sun.reflect.DelegatingConstructorAccessorImpl.newInstance(DelegatingConstructorAccessorImpl.java:45)
at java.lang.reflect.Constructor.newInstance(Constructor.java:423)
at org.openqa.selenium.remote.W3CHandshakeResponse.lambda$errorHandler$0(W3CHandshakeResponse.java:62)
at org.openqa.selenium.remote.HandshakeResponse.lambda$getResponseFunction$0(HandshakeResponse.java:30)
at org.openqa.selenium.remote.ProtocolHandshake.lambda$createSession$0(ProtocolHandshake.java:126)
at java.util.stream.ReferencePipeline$3$1.accept(ReferencePipeline.java:193)
at java.util.Spliterators$ArraySpliterator.tryAdvance(Spliterators.java:958)
at java.util.stream.ReferencePipeline.forEachWithCancel(ReferencePipeline.java:126)
at java.util.stream.AbstractPipeline.copyIntoWithCancel(AbstractPipeline.java:498)
at java.util.stream.AbstractPipeline.copyInto(AbstractPipeline.java:485)
at java.util.stream.AbstractPipeline.wrapAndCopyInto(AbstractPipeline.java:471)
at java.util.stream.FindOps$FindOp.evaluateSequential(FindOps.java:152)
at java.util.stream.AbstractPipeline.evaluate(AbstractPipeline.java:234)
at java.util.stream.ReferencePipeline.findFirst(ReferencePipeline.java:464)
at org.openqa.selenium.remote.ProtocolHandshake.createSession(ProtocolHandshake.java:128)
at org.openqa.selenium.remote.ProtocolHandshake.createSession(ProtocolHandshake.java:74)
at org.openqa.selenium.remote.HttpCommandExecutor.execute(HttpCommandExecutor.java:136)
at org.openqa.selenium.remote.service.DriverCommandExecutor.execute(DriverCommandExecutor.java:83)
at org.openqa.selenium.remote.RemoteWebDriver.execute(RemoteWebDriver.java:552)
at org.openqa.selenium.remote.RemoteWebDriver.startSession(RemoteWebDriver.java:213)
at org.openqa.selenium.remote.RemoteWebDriver.<init>(RemoteWebDriver.java:131)
at org.openqa.selenium.firefox.FirefoxDriver.<init>(FirefoxDriver.java:147)
at org.openqa.selenium.firefox.FirefoxDriver.<init>(FirefoxDriver.java:125)
at com.test.base.BaseTest.newWebDriver(Unknown Source)
at com.test.base.BaseTest.doBeforeClass(Unknown Source)
at sun.reflect.NativeMethodAccessorImpl.invoke0(Native Method)
at sun.reflect.NativeMethodAccessorImpl.invoke(NativeMethodAccessorImpl.java:62)
at sun.reflect.DelegatingMethodAccessorImpl.invoke(DelegatingMethodAccessorImpl.java:43)
at java.lang.reflect.Method.invoke(Method.java:498)
at org.testng.internal.MethodInvocationHelper.invokeMethod(MethodInvocationHelper.java:134)
at org.testng.internal.MethodInvocationHelper.invokeMethodConsideringTimeout(MethodInvocationHelper.java:63)
at org.testng.internal.ConfigInvoker.invokeConfigurationMethod(ConfigInvoker.java:348)
at org.testng.internal.ConfigInvoker.invokeConfigurations(ConfigInvoker.java:302)
at org.testng.internal.TestMethodWorker.invokeBeforeClassMethods(TestMethodWorker.java:176)
at org.testng.internal.TestMethodWorker.run(TestMethodWorker.java:122)
at java.util.ArrayList.forEach(ArrayList.java:1257)
at org.testng.TestRunner.privateRun(TestRunner.java:766)
at org.testng.TestRunner.run(TestRunner.java:587)
at org.testng.SuiteRunner.runTest(SuiteRunner.java:384)
at org.testng.SuiteRunner.runSequentially(SuiteRunner.java:378)
at org.testng.SuiteRunner.privateRun(SuiteRunner.java:337)
at org.testng.SuiteRunner.run(SuiteRunner.java:286)
at org.testng.SuiteRunnerWorker.runSuite(SuiteRunnerWorker.java:53)
at org.testng.SuiteRunnerWorker.run(SuiteRunnerWorker.java:96)
at org.testng.TestNG.runSuitesSequentially(TestNG.java:1187)
at org.testng.TestNG.runSuitesLocally(TestNG.java:1109)
at org.testng.TestNG.runSuites(TestNG.java:1039)
at org.testng.TestNG.run(TestNG.java:1007)
at org.testng.TestNG.privateMain(TestNG.java:1336)
at org.testng.TestNG.main(TestNG.java:1304)
]]>
    </error>
  </testcase> <!-- doBeforeClass -->
  <system-out/>
  <testcase name="testLogoOff" time="0.000" classname="com.test.demo.SmokeTesting">
    <skipped/>
  </testcase> <!-- testLogoOff -->
  <system-out/>
  <testcase name="testLogoOn" time="0.000" classname="com.test.demo.SmokeTesting">
    <skipped/>
  </testcase> <!-- testLogoOn -->
  <system-out/>
  <testcase name="testSurveyListOn" time="0.000" classname="com.test.demo.SmokeTesting">
    <skipped/>
  </testcase> <!-- testSurveyListOn -->
  <system-out/>
  <testcase name="testSurveyListOff" time="0.000" classname="com.test.demo.SmokeTesting">
    <skipped/>
  </testcase> <!-- testSurveyListOff -->
  <system-out/>
  <testcase name="testContainerOff" time="0.000" classname="com.test.demo.SmokeTesting">
    <skipped/>
  </testcase> <!-- testContainerOff -->
  <system-out/>
  <testcase name="testContainerOn" time="0.000" classname="com.test.demo.SmokeTesting">
    <skipped/>
  </testcase> <!-- testContainerOn -->
  <system-out/>
  <testcase name="testLastSurveyOff" time="0.000" classname="com.test.demo.SmokeTesting">
    <skipped/>
  </testcase> <!-- testLastSurveyOff -->
  <system-out/>
  <testcase name="testLastSurveyOn" time="0.000" classname="com.test.demo.SmokeTesting">
    <skipped/>
  </testcase> <!-- testLastSurveyOn -->
  <system-out/>
  <testcase name="testSearchOff" time="0.000" classname="com.test.demo.SmokeTesting">
    <skipped/>
  </testcase> <!-- testSearchOff -->
  <system-out/>
  <testcase name="testSearchOn" time="0.000" classname="com.test.demo.SmokeTesting">
    <skipped/>
  </testcase> <!-- testSearchOn -->
  <system-out/>
  <testcase name="testChangeCol" time="0.000" classname="com.test.demo.SmokeTesting">
    <skipped/>
  </testcase> <!-- testChangeCol -->
  <system-out/>
  <testcase name="testChangeBtnDirection" time="0.000" classname="com.test.demo.SmokeTesting">
    <skipped/>
  </testcase> <!-- testChangeBtnDirection -->
  <system-out/>
  <testcase name="testCreateBtn" time="0.000" classname="com.test.demo.SmokeTesting">
    <skipped/>
  </testcase> <!-- testCreateBtn -->
  <system-out/>
  <testcase name="testDeleteBtn" time="0.000" classname="com.test.demo.SmokeTesting">
    <skipped/>
  </testcase> <!-- testDeleteBtn -->
  <system-out/>
  <testcase name="testEditBtnFromExcel" time="0.000" classname="com.test.demo.SmokeTesting">
    <skipped/>
  </testcase> <!-- testEditBtnFromExcel -->
  <system-out/>
  <testcase name="testEditBtnFromExcel" time="0.000" classname="com.test.demo.SmokeTesting">
    <skipped/>
  </testcase> <!-- testEditBtnFromExcel -->
  <system-out/>
  <testcase name="testEditBtnFromExcel" time="0.000" classname="com.test.demo.SmokeTesting">
    <skipped/>
  </testcase> <!-- testEditBtnFromExcel -->
  <system-out/>
  <testcase name="testEditBtnFromExcel" time="0.000" classname="com.test.demo.SmokeTesting">
    <skipped/>
  </testcase> <!-- testEditBtnFromExcel -->
  <system-out/>
  <testcase name="testEditBtnFromExcel" time="0.000" classname="com.test.demo.SmokeTesting">
    <skipped/>
  </testcase> <!-- testEditBtnFromExcel -->
  <system-out/>
  <testcase name="testEditBtnPosition" time="0.000" classname="com.test.demo.SmokeTesting">
    <skipped/>
  </testcase> <!-- testEditBtnPosition -->
  <system-out/>
  <testcase name="testEditBtnUrl" time="0.000" classname="com.test.demo.SmokeTesting">
    <skipped/>
  </testcase> <!-- testEditBtnUrl -->
  <system-out/>
  <testcase name="testEditBtnTitle" time="0.000" classname="com.test.demo.SmokeTesting">
    <skipped/>
  </testcase> <!-- testEditBtnTitle -->
  <system-out/>
  <testcase name="testEditBtnIcon" time="0.000" classname="com.test.demo.SmokeTesting">
    <skipped/>
  </testcase> <!-- testEditBtnIcon -->
  <system-out/>
  <testcase name="testEditBtnDescription" time="0.000" classname="com.test.demo.SmokeTesting">
    <skipped/>
  </testcase> <!-- testEditBtnDescription -->
  <system-out/>
  <testcase name="testEditBtnShowTo" time="0.000" classname="com.test.demo.SmokeTesting">
    <skipped/>
  </testcase> <!-- testEditBtnShowTo -->
  <system-out/>
  <testcase name="testCreateBtnFromExcel" time="0.000" classname="com.test.demo.SmokeTesting">
    <skipped/>
  </testcase> <!-- testCreateBtnFromExcel -->
  <system-out/>
  <testcase name="testCreateBtnFromExcel" time="0.000" classname="com.test.demo.SmokeTesting">
    <skipped/>
  </testcase> <!-- testCreateBtnFromExcel -->
  <system-out/>
  <testcase name="testCreateBtnFromExcel" time="0.000" classname="com.test.demo.SmokeTesting">
    <skipped/>
  </testcase> <!-- testCreateBtnFromExcel -->
  <system-out/>
  <testcase name="testCreateBtnFromExcel" time="0.000" classname="com.test.demo.SmokeTesting">
    <skipped/>
  </testcase> <!-- testCreateBtnFromExcel -->
  <system-out/>
  <testcase name="testCreateBtnFromExcel" time="0.000" classname="com.test.demo.SmokeTesting">
    <skipped/>
  </testcase> <!-- testCreateBtnFromExcel -->
  <system-out/>
  <testcase name="testRestoreBtn" time="0.000" classname="com.test.demo.SmokeTesting">
    <skipped/>
  </testcase> <!-- testRestoreBtn -->
  <system-out/>
  <testcase name="testShowPhpConf" time="0.000" classname="com.test.demo.SmokeTesting">
    <skipped/>
  </testcase> <!-- testShowPhpConf -->
  <system-out/>
  <testcase name="testChangeSiteName" time="0.000" classname="com.test.demo.SmokeTesting">
    <skipped/>
  </testcase> <!-- testChangeSiteName -->
  <system-out/>
  <testcase name="testChangeDefaultTheme" time="0.000" classname="com.test.demo.SmokeTesting">
    <skipped/>
  </testcase> <!-- testChangeDefaultTheme -->
  <system-out/>
  <testcase name="testChangeAdminTheme" time="0.000" classname="com.test.demo.SmokeTesting">
    <skipped/>
  </testcase> <!-- testChangeAdminTheme -->
  <system-out/>
  <testcase name="testChangeTimeAdjust" time="0.000" classname="com.test.demo.SmokeTesting">
    <skipped/>
  </testcase> <!-- testChangeTimeAdjust -->
  <system-out/>
  <testcase name="testChangeCharacterset" time="0.000" classname="com.test.demo.SmokeTesting">
    <skipped/>
  </testcase> <!-- testChangeCharacterset -->
  <system-out/>
  <testcase name="testChangeKeys" time="0.000" classname="com.test.demo.SmokeTesting">
    <skipped/>
  </testcase> <!-- testChangeKeys -->
  <system-out/>
  <testcase name="testChangeKeysFromRxcel" time="0.000" classname="com.test.demo.SmokeTesting">
    <skipped/>
  </testcase> <!-- testChangeKeysFromRxcel -->
  <system-out/>
  <testcase name="testChangeKeysFromRxcel" time="0.000" classname="com.test.demo.SmokeTesting">
    <skipped/>
  </testcase> <!-- testChangeKeysFromRxcel -->
  <system-out/>
  <testcase name="testChangeKeysFromRxcel" time="0.000" classname="com.test.demo.SmokeTesting">
    <skipped/>
  </testcase> <!-- testChangeKeysFromRxcel -->
  <system-out/>
  <testcase name="testChangeKeysFromRxcel" time="0.000" classname="com.test.demo.SmokeTesting">
    <skipped/>
  </testcase> <!-- testChangeKeysFromRxcel -->
  <system-out/>
  <testcase name="testChangeKeysFromRxcel" time="0.000" classname="com.test.demo.SmokeTesting">
    <skipped/>
  </testcase> <!-- testChangeKeysFromRxcel -->
  <system-out/>
  <testcase name="testChangeToSoftMode" time="0.000" classname="com.test.demo.SmokeTesting">
    <skipped/>
  </testcase> <!-- testChangeToSoftMode -->
  <system-out/>
  <testcase name="testChangeToHardMode" time="0.000" classname="com.test.demo.SmokeTesting">
    <skipped/>
  </testcase> <!-- testChangeToHardMode -->
  <system-out/>
  <testcase name="testChangeToClosedMode" time="0.000" classname="com.test.demo.SmokeTesting">
    <skipped/>
  </testcase> <!-- testChangeToClosedMode -->
  <system-out/>
  <testcase name="testRefreshAssets" time="0.000" classname="com.test.demo.SmokeTesting">
    <skipped/>
  </testcase> <!-- testRefreshAssets -->
  <system-out/>
  <testcase name="testChangeHtmlEditor1" time="0.000" classname="com.test.demo.SmokeTesting">
    <skipped/>
  </testcase> <!-- testChangeHtmlEditor1 -->
  <system-out/>
  <testcase name="testChangeHtmlEditor2" time="0.000" classname="com.test.demo.SmokeTesting">
    <skipped/>
  </testcase> <!-- testChangeHtmlEditor2 -->
  <system-out/>
  <testcase name="testChangeDefaultAdminEmail" time="0.000" classname="com.test.demo.SmokeTesting">
    <skipped/>
  </testcase> <!-- testChangeDefaultAdminEmail -->
  <system-out/>
  <testcase name="testChangeSiteAdminName" time="0.000" classname="com.test.demo.SmokeTesting">
    <skipped/>
  </testcase> <!-- testChangeSiteAdminName -->
  <system-out/>
  <testcase name="testChangeSMTPFromExcel" time="0.000" classname="com.test.demo.SmokeTesting">
    <skipped/>
  </testcase> <!-- testChangeSMTPFromExcel -->
  <system-out/>
  <testcase name="testChangeSMTPFromExcel" time="0.000" classname="com.test.demo.SmokeTesting">
    <skipped/>
  </testcase> <!-- testChangeSMTPFromExcel -->
  <system-out/>
  <testcase name="testChangeSMTPFromExcel" time="0.000" classname="com.test.demo.SmokeTesting">
    <skipped/>
  </testcase> <!-- testChangeSMTPFromExcel -->
  <system-out/>
  <testcase name="testChangeSMTPFromExcel" time="0.000" classname="com.test.demo.SmokeTesting">
    <skipped/>
  </testcase> <!-- testChangeSMTPFromExcel -->
  <system-out/>
  <testcase name="testChangeSMTPSSL1" time="0.000" classname="com.test.demo.SmokeTesting">
    <skipped/>
  </testcase> <!-- testChangeSMTPSSL1 -->
  <system-out/>
  <testcase name="testChangeSMTPSSL2" time="0.000" classname="com.test.demo.SmokeTesting">
    <skipped/>
  </testcase> <!-- testChangeSMTPSSL2 -->
  <system-out/>
  <testcase name="testChangeSMTPDebug1" time="0.000" classname="com.test.demo.SmokeTesting">
    <skipped/>
  </testcase> <!-- testChangeSMTPDebug1 -->
  <system-out/>
  <testcase name="testChangeSMTPDebug2" time="0.000" classname="com.test.demo.SmokeTesting">
    <skipped/>
  </testcase> <!-- testChangeSMTPDebug2 -->
  <system-out/>
  <testcase name="testChangeBounceAccountFromExcel" time="0.000" classname="com.test.demo.SmokeTesting">
    <skipped/>
  </testcase> <!-- testChangeBounceAccountFromExcel -->
  <system-out/>
  <testcase name="testChangeBounceAccountFromExcel" time="0.000" classname="com.test.demo.SmokeTesting">
    <skipped/>
  </testcase> <!-- testChangeBounceAccountFromExcel -->
  <system-out/>
  <testcase name="testChangeBounceAccountFromExcel" time="0.000" classname="com.test.demo.SmokeTesting">
    <skipped/>
  </testcase> <!-- testChangeBounceAccountFromExcel -->
  <system-out/>
  <testcase name="testChangeBounceAccountFromExcel" time="0.000" classname="com.test.demo.SmokeTesting">
    <skipped/>
  </testcase> <!-- testChangeBounceAccountFromExcel -->
  <system-out/>
  <testcase name="testChangeDefaultLanguage" time="0.000" classname="com.test.demo.SmokeTesting">
    <skipped/>
  </testcase> <!-- testChangeDefaultLanguage -->
  <system-out/>
  <testcase name="testDeleteLanguage" time="0.000" classname="com.test.demo.SmokeTesting">
    <skipped/>
  </testcase> <!-- testDeleteLanguage -->
  <system-out/>
  <testcase name="testAddLanguage" time="0.000" classname="com.test.demo.SmokeTesting">
    <skipped/>
  </testcase> <!-- testAddLanguage -->
  <system-out/>
  <testcase name="testEditPresentationFromExcel" time="0.000" classname="com.test.demo.SmokeTesting">
    <skipped/>
  </testcase> <!-- testEditPresentationFromExcel -->
  <system-out/>
  <testcase name="testEditPresentationFromExcel" time="0.000" classname="com.test.demo.SmokeTesting">
    <skipped/>
  </testcase> <!-- testEditPresentationFromExcel -->
  <system-out/>
  <testcase name="testEditPresentationFromExcel" time="0.000" classname="com.test.demo.SmokeTesting">
    <skipped/>
  </testcase> <!-- testEditPresentationFromExcel -->
  <system-out/>
  <testcase name="testChangeSurveyPreviewRequire" time="0.000" classname="com.test.demo.SmokeTesting">
    <skipped/>
  </testcase> <!-- testChangeSurveyPreviewRequire -->
  <system-out/>
</testsuite> <!-- com.test.demo.SmokeTesting -->
