<?xml version="1.0" encoding="UTF-8"?>
<!-- Generated by org.testng.reporters.JUnitReportReporter -->
<testsuite skipped="0" hostname="PC-20200307LRYD" name="Seleum.AdminLogin" tests="1" failures="0" timestamp="2020-06-11T00:31:58 CST" time="6.702" errors="0">
  <testcase name="loginSuccess" time="6.702" classname="Seleum.AdminLogin"/>
  <system-out/>
</testsuite> <!-- Seleum.AdminLogin -->
