<?xml version="1.0" encoding="UTF-8"?>
<!-- Generated by org.testng.reporters.JUnitReportReporter -->
<testsuite skipped="0" hostname="PC-20200307LRYD" name="ch09dataprovider.ArrayDataProvideDemo" tests="2" failures="0" timestamp="2020-04-15T15:37:16 CST" time="0.005" errors="0">
  <testcase name="text" time="0.004" classname="ch09dataprovider.ArrayDataProvideDemo"/>
  <system-out/>
  <testcase name="text" time="0.001" classname="ch09dataprovider.ArrayDataProvideDemo"/>
  <system-out/>
</testsuite> <!-- ch09dataprovider.ArrayDataProvideDemo -->
