<?xml version="1.0" encoding="UTF-8"?>
<!-- Generated by org.testng.reporters.JUnitReportReporter -->
<testsuite skipped="0" hostname="LAPTOP-7CS7VT9V" name="Test_1.login_test" tests="1" failures="0" timestamp="2020-11-23T10:56:56 CST" time="8.637" errors="0">
  <testcase name="loginSuccess" time="8.637" classname="Test_1.login_test"/>
  <system-out/>
</testsuite> <!-- Test_1.login_test -->
