<?xml version="1.0" encoding="UTF-8"?>
<!-- Generated by org.testng.reporters.JUnitReportReporter -->
<testsuite skipped="0" hostname="PC-20200307LRYD" name="Seleum.FrontLogin" tests="1" failures="0" timestamp="2020-06-11T00:31:58 CST" time="10.667" errors="0">
  <testcase name="loginSucess" time="10.667" classname="Seleum.FrontLogin"/>
  <system-out/>
</testsuite> <!-- Seleum.FrontLogin -->
