<?xml version="1.0" encoding="UTF-8"?>
<!-- Generated by org.testng.reporters.JUnitReportReporter -->
<testsuite skipped="0" hostname="LAPTOP-7CS7VT9V" name="Test_1.clickAdmin_test" tests="1" failures="0" timestamp="2020-11-25T09:15:17 CST" time="7.327" errors="0">
  <testcase name="clickAdmin" time="7.327" classname="Test_1.clickAdmin_test"/>
  <system-out/>
</testsuite> <!-- Test_1.clickAdmin_test -->
