<?xml version="1.0" encoding="UTF-8"?>
<!-- Generated by org.testng.reporters.JUnitReportReporter -->
<testsuite skipped="0" hostname="PC-20200307LRYD" name="lhz.DataProviderDemo" tests="3" failures="0" timestamp="2020-04-01T20:24:25 CST" time="0.008" errors="0">
  <testcase name="testLogin" time="0.006" classname="lhz.DataProviderDemo"/>
  <system-out/>
  <testcase name="testLogin" time="0.001" classname="lhz.DataProviderDemo"/>
  <system-out/>
  <testcase name="testLogin" time="0.001" classname="lhz.DataProviderDemo"/>
  <system-out/>
</testsuite> <!-- lhz.DataProviderDemo -->
