<?xml version="1.0" encoding="UTF-8"?>
<!-- Generated by org.testng.reporters.JUnitReportReporter -->
<testsuite skipped="0" hostname="PC-20200307LRYD" name="ch08po.SelectDemoTest" tests="1" failures="0" timestamp="2020-04-14T16:30:47 CST" time="3.613" errors="0">
  <testcase name="test1" time="3.613" classname="ch08po.SelectDemoTest"/>
  <system-out/>
</testsuite> <!-- ch08po.SelectDemoTest -->
