<?xml version="1.0" encoding="UTF-8"?>
<!-- Generated by org.testng.reporters.JUnitReportReporter -->
<testsuite skipped="0" hostname="LAPTOP-7CS7VT9V" name="Test_1.clickPerson_test" tests="1" failures="0" timestamp="2020-11-23T11:12:59 CST" time="3.280" errors="0">
  <testcase name="clickAdmin" time="3.280" classname="Test_1.clickPerson_test"/>
  <system-out/>
</testsuite> <!-- Test_1.clickPerson_test -->
