<?xml version="1.0" encoding="UTF-8"?>
<!-- Generated by org.testng.reporters.JUnitReportReporter -->
<testsuite skipped="2" hostname="PC-20200307LRYD" name="ch08po.AdminLoginPagetest1" tests="3" failures="0" timestamp="2020-04-15T16:30:53 CST" time="0.000" errors="1">
  <testcase name="testLogiFail" time="0.000" classname="ch08po.AdminLoginPagetest1">
    <skipped/>
  </testcase> <!-- testLogiFail -->
  <system-out/>
  <testcase name="testLogiSuccess" time="0.000" classname="ch08po.AdminLoginPagetest1">
    <skipped/>
  </testcase> <!-- testLogiSuccess -->
  <system-out/>
  <testcase name="iinitClass" time="0.000" classname="ch08po.AdminLoginPagetest1">
    <error type="java.lang.Error" message="Unresolved compilation problem: 
	The field BaseTest.driver is not visible
">
      <![CDATA[java.lang.Error: Unresolved compilation problem: 
The field BaseTest.driver is not visible

at ch08po.AdminLoginPagetest1.iinitClass(AdminLoginPagetest1.java:15)
at sun.reflect.NativeMethodAccessorImpl.invoke0(Native Method)
at sun.reflect.NativeMethodAccessorImpl.invoke(Unknown Source)
at sun.reflect.DelegatingMethodAccessorImpl.invoke(Unknown Source)
at java.lang.reflect.Method.invoke(Unknown Source)
at org.testng.internal.MethodInvocationHelper.invokeMethod(MethodInvocationHelper.java:134)
at org.testng.internal.MethodInvocationHelper.invokeMethodConsideringTimeout(MethodInvocationHelper.java:63)
at org.testng.internal.ConfigInvoker.invokeConfigurationMethod(ConfigInvoker.java:348)
at org.testng.internal.ConfigInvoker.invokeConfigurations(ConfigInvoker.java:302)
at org.testng.internal.TestMethodWorker.invokeBeforeClassMethods(TestMethodWorker.java:176)
at org.testng.internal.TestMethodWorker.run(TestMethodWorker.java:122)
at java.util.ArrayList.forEach(Unknown Source)
at org.testng.TestRunner.privateRun(TestRunner.java:766)
at org.testng.TestRunner.run(TestRunner.java:587)
at org.testng.SuiteRunner.runTest(SuiteRunner.java:384)
at org.testng.SuiteRunner.runSequentially(SuiteRunner.java:378)
at org.testng.SuiteRunner.privateRun(SuiteRunner.java:337)
at org.testng.SuiteRunner.run(SuiteRunner.java:286)
at org.testng.SuiteRunnerWorker.runSuite(SuiteRunnerWorker.java:53)
at org.testng.SuiteRunnerWorker.run(SuiteRunnerWorker.java:96)
at org.testng.TestNG.runSuitesSequentially(TestNG.java:1187)
at org.testng.TestNG.runSuitesLocally(TestNG.java:1109)
at org.testng.TestNG.runSuites(TestNG.java:1039)
at org.testng.TestNG.run(TestNG.java:1007)
at org.testng.remote.AbstractRemoteTestNG.run(AbstractRemoteTestNG.java:115)
at org.testng.remote.RemoteTestNG.initAndRun(RemoteTestNG.java:251)
at org.testng.remote.RemoteTestNG.main(RemoteTestNG.java:77)
]]>
    </error>
  </testcase> <!-- iinitClass -->
  <system-out/>
</testsuite> <!-- ch08po.AdminLoginPagetest1 -->
