<?xml version="1.0" encoding="UTF-8"?>
<!-- Generated by org.testng.reporters.JUnitReportReporter -->
<testsuite skipped="0" hostname="DESKTOP-PL1AI9U" name="ch07.testng.Demo2" tests="2" failures="0" timestamp="2020-10-04T17:03:55 CST" time="0.010" errors="0">
  <testcase name="test2" time="0.000" classname="ch07.testng.Demo2"/>
  <system-out/>
  <testcase name="test1" time="0.010" classname="ch07.testng.Demo2"/>
  <system-out/>
</testsuite> <!-- ch07.testng.Demo2 -->
