<?xml version="1.0" encoding="UTF-8"?>
<!-- Generated by org.testng.reporters.JUnitReportReporter -->
<testsuite skipped="0" hostname="LAPTOP-LED7K9C6" name="tests.Main_Test1" tests="20" failures="0" timestamp="2020-12-09T19:17:57 CST" time="311.139" errors="0">
  <testcase name="login" time="18.525" classname="tests.Main_Test1"/>
  <system-out/>
  <testcase name="userManage" time="15.113" classname="tests.Main_Test1"/>
  <system-out/>
  <testcase name="userManage" time="15.132" classname="tests.Main_Test1"/>
  <system-out/>
  <testcase name="userManage" time="15.159" classname="tests.Main_Test1"/>
  <system-out/>
  <testcase name="userManage" time="15.179" classname="tests.Main_Test1"/>
  <system-out/>
  <testcase name="userManage" time="15.389" classname="tests.Main_Test1"/>
  <system-out/>
  <testcase name="userManage" time="15.065" classname="tests.Main_Test1"/>
  <system-out/>
  <testcase name="userManage" time="15.265" classname="tests.Main_Test1"/>
  <system-out/>
  <testcase name="userManage" time="15.305" classname="tests.Main_Test1"/>
  <system-out/>
  <testcase name="userManage" time="15.220" classname="tests.Main_Test1"/>
  <system-out/>
  <testcase name="userManage" time="15.660" classname="tests.Main_Test1"/>
  <system-out/>
  <testcase name="userManage" time="15.608" classname="tests.Main_Test1"/>
  <system-out/>
  <testcase name="userManage" time="15.042" classname="tests.Main_Test1"/>
  <system-out/>
  <testcase name="userManage" time="17.790" classname="tests.Main_Test1"/>
  <system-out/>
  <testcase name="userManage" time="15.178" classname="tests.Main_Test1"/>
  <system-out/>
  <testcase name="userManage" time="15.352" classname="tests.Main_Test1"/>
  <system-out/>
  <testcase name="userManage" time="15.886" classname="tests.Main_Test1"/>
  <system-out/>
  <testcase name="userManage" time="15.281" classname="tests.Main_Test1"/>
  <system-out/>
  <testcase name="userManage" time="14.890" classname="tests.Main_Test1"/>
  <system-out/>
  <testcase name="userManage" time="15.100" classname="tests.Main_Test1"/>
  <system-out/>
</testsuite> <!-- tests.Main_Test1 -->
