<?xml version="1.0" encoding="UTF-8"?>
<!-- Generated by org.testng.reporters.JUnitReportReporter -->
<testsuite skipped="0" hostname="LAPTOP-LED7K9C6" name="tests.Main_Test" tests="10" failures="0" timestamp="2020-12-09T19:17:57 CST" time="123.487" errors="0">
  <testcase name="login" time="14.810" classname="tests.Main_Test"/>
  <system-out/>
  <testcase name="userManage1" time="11.827" classname="tests.Main_Test"/>
  <system-out/>
  <testcase name="userManage1" time="11.571" classname="tests.Main_Test"/>
  <system-out/>
  <testcase name="userManage1" time="11.656" classname="tests.Main_Test"/>
  <system-out/>
  <testcase name="userManage1" time="11.765" classname="tests.Main_Test"/>
  <system-out/>
  <testcase name="userManage1" time="13.241" classname="tests.Main_Test"/>
  <system-out/>
  <testcase name="userManage1" time="12.475" classname="tests.Main_Test"/>
  <system-out/>
  <testcase name="userManage1" time="12.262" classname="tests.Main_Test"/>
  <system-out/>
  <testcase name="userManage1" time="11.709" classname="tests.Main_Test"/>
  <system-out/>
  <testcase name="userManage1" time="12.171" classname="tests.Main_Test"/>
  <system-out/>
</testsuite> <!-- tests.Main_Test -->
