<?xml version="1.0" encoding="UTF-8"?>
<!-- Generated by org.testng.reporters.JUnitReportReporter -->
<testsuite skipped="0" hostname="DESKTOP-PL1AI9U" name="tests.SdeleteUserGroup_Test" tests="2" failures="0" timestamp="2020-12-02T10:36:18 CST" time="21.958" errors="0">
  <testcase name="login" time="10.809" classname="tests.SdeleteUserGroup_Test"/>
  <system-out/>
  <testcase name="testDeleteUserGroup" time="11.149" classname="tests.SdeleteUserGroup_Test"/>
  <system-out/>
</testsuite> <!-- tests.SdeleteUserGroup_Test -->
