<?xml version="1.0" encoding="UTF-8"?>
<!-- Generated by org.testng.reporters.JUnitReportReporter -->
<testsuite skipped="0" hostname="PC-20200307LRYD" name="Demo" tests="4" failures="0" timestamp="2020-04-01T15:02:45 CST" time="0.008" errors="0">
  <testcase name="first1" time="0.001" classname="Demo"/>
  <system-out/>
  <testcase name="second1" time="0.004" classname="Demo"/>
  <system-out/>
  <testcase name="second" time="0.001" classname="Demo"/>
  <system-out/>
  <testcase name="first" time="0.002" classname="Demo"/>
  <system-out/>
</testsuite> <!-- Demo -->
